Flow report for q5
Wed Aug 19 00:47:31 2020
Quartus Prime Version 17.1.0 Build 590 10/25/2017 SJ Lite Edition


---------------------
; Table of Contents ;
---------------------
  1. Legal Notice
  2. Flow Summary
  3. Flow Settings
  4. Flow Non-Default Global Settings
  5. Flow Elapsed Time
  6. Flow OS Summary
  7. Flow Log
  8. Flow Messages
  9. Flow Suppressed Messages



----------------
; Legal Notice ;
----------------
Copyright (C) 2017  Intel Corporation. All rights reserved.
Your use of Intel Corporation's design tools, logic functions 
and other software and tools, and its AMPP partner logic 
functions, and any output files from any of the foregoing 
(including device programming or simulation files), and any 
associated documentation or information are expressly subject 
to the terms and conditions of the Intel Program License 
Subscription Agreement, the Intel Quartus Prime License Agreement,
the Intel FPGA IP License Agreement, or other applicable license
agreement, including, without limitation, that your use is for
the sole purpose of programming logic devices manufactured by
Intel and sold by Intel or its authorized distributors.  Please
refer to the applicable agreement for further details.



+----------------------------------------------------------------------------------+
; Flow Summary                                                                     ;
+------------------------------------+---------------------------------------------+
; Flow Status                        ; Successful - Wed Aug 19 00:47:31 2020       ;
; Quartus Prime Version              ; 17.1.0 Build 590 10/25/2017 SJ Lite Edition ;
; Revision Name                      ; q5                                          ;
; Top-level Entity Name              ; q5                                          ;
; Family                             ; MAX 10                                      ;
; Device                             ; 10M08SAE144C8GES                            ;
; Timing Models                      ; Preliminary                                 ;
; Total logic elements               ; 7 / 8,064 ( < 1 % )                         ;
;     Total combinational functions  ; 7 / 8,064 ( < 1 % )                         ;
;     Dedicated logic registers      ; 4 / 8,064 ( < 1 % )                         ;
; Total registers                    ; 4                                           ;
; Total pins                         ; 3 / 101 ( 3 % )                             ;
; Total virtual pins                 ; 0                                           ;
; Total memory bits                  ; 0 / 387,072 ( 0 % )                         ;
; Embedded Multiplier 9-bit elements ; 0 / 48 ( 0 % )                              ;
; Total PLLs                         ; 0 / 1 ( 0 % )                               ;
; UFM blocks                         ; 0 / 1 ( 0 % )                               ;
; ADC blocks                         ; 0 / 1 ( 0 % )                               ;
+------------------------------------+---------------------------------------------+


+-----------------------------------------+
; Flow Settings                           ;
+-------------------+---------------------+
; Option            ; Setting             ;
+-------------------+---------------------+
; Start date & time ; 08/19/2020 00:47:08 ;
; Main task         ; Compilation         ;
; Revision Name     ; q5                  ;
+-------------------+---------------------+


+-----------------------------------------------------------------------------------------------------------------------------+
; Flow Non-Default Global Settings                                                                                            ;
+-------------------------------------+----------------------------------------+---------------+-------------+----------------+
; Assignment Name                     ; Value                                  ; Default Value ; Entity Name ; Section Id     ;
+-------------------------------------+----------------------------------------+---------------+-------------+----------------+
; COMPILER_SIGNATURE_ID               ; 238177195415247.159776562816163        ; --            ; --          ; --             ;
; EDA_OUTPUT_DATA_FORMAT              ; Verilog Hdl                            ; --            ; --          ; eda_simulation ;
; EDA_SIMULATION_TOOL                 ; ModelSim-Altera (Verilog)              ; <None>        ; --          ; --             ;
; EDA_TIME_SCALE                      ; 1 ps                                   ; --            ; --          ; eda_simulation ;
; MAX_CORE_JUNCTION_TEMP              ; 85                                     ; --            ; --          ; --             ;
; MIN_CORE_JUNCTION_TEMP              ; 0                                      ; --            ; --          ; --             ;
; PARTITION_COLOR                     ; -- (Not supported for targeted family) ; --            ; --          ; Top            ;
; PARTITION_FITTER_PRESERVATION_LEVEL ; -- (Not supported for targeted family) ; --            ; --          ; Top            ;
; PARTITION_NETLIST_TYPE              ; -- (Not supported for targeted family) ; --            ; --          ; Top            ;
; PROJECT_OUTPUT_DIRECTORY            ; output_files                           ; --            ; --          ; --             ;
+-------------------------------------+----------------------------------------+---------------+-------------+----------------+


+-------------------------------------------------------------------------------------------------------------------------------+
; Flow Elapsed Time                                                                                                             ;
+---------------------------+--------------+-------------------------+---------------------+------------------------------------+
; Module Name               ; Elapsed Time ; Average Processors Used ; Peak Virtual Memory ; Total CPU Time (on all processors) ;
+---------------------------+--------------+-------------------------+---------------------+------------------------------------+
; Analysis & Synthesis      ; 00:00:10     ; 1.0                     ; 1058 MB             ; 00:00:21                           ;
; Fitter                    ; 00:00:04     ; 1.0                     ; 1656 MB             ; 00:00:03                           ;
; Assembler                 ; 00:00:01     ; 1.0                     ; 922 MB              ; 00:00:01                           ;
; Power Analyzer            ; 00:00:01     ; 1.0                     ; 1330 MB             ; 00:00:01                           ;
; TimeQuest Timing Analyzer ; 00:00:02     ; 1.0                     ; 958 MB              ; 00:00:01                           ;
; EDA Netlist Writer        ; 00:00:01     ; 1.0                     ; 1153 MB             ; 00:00:00                           ;
; Total                     ; 00:00:19     ; --                      ; --                  ; 00:00:27                           ;
+---------------------------+--------------+-------------------------+---------------------+------------------------------------+


+---------------------------------------------------------------------------------------------+
; Flow OS Summary                                                                             ;
+---------------------------+------------------+--------------+--------------+----------------+
; Module Name               ; Machine Hostname ; OS Name      ; OS Version   ; Processor type ;
+---------------------------+------------------+--------------+--------------+----------------+
; Analysis & Synthesis      ; lemon33          ; CentOS Linux ; CentOS Linux ; x86_64         ;
; Fitter                    ; lemon33          ; CentOS Linux ; CentOS Linux ; x86_64         ;
; Assembler                 ; lemon33          ; CentOS Linux ; CentOS Linux ; x86_64         ;
; Power Analyzer            ; lemon33          ; CentOS Linux ; CentOS Linux ; x86_64         ;
; TimeQuest Timing Analyzer ; lemon33          ; CentOS Linux ; CentOS Linux ; x86_64         ;
; EDA Netlist Writer        ; lemon33          ; CentOS Linux ; CentOS Linux ; x86_64         ;
+---------------------------+------------------+--------------+--------------+----------------+


------------
; Flow Log ;
------------
quartus_map --read_settings_files=on --write_settings_files=off q5 -c q5
quartus_fit --read_settings_files=off --write_settings_files=off q5 -c q5
quartus_asm --read_settings_files=off --write_settings_files=off q5 -c q5
quartus_pow --read_settings_files=off --write_settings_files=off q5 -c q5
quartus_sta q5 -c q5
quartus_eda --read_settings_files=off --write_settings_files=off q5 -c q5



